<?xml version="1.0" encoding="UTF-8"?>
<!-- Generated by org.testng.reporters.JUnitXMLReporter -->
<testsuite hostname="Harish-PC" ignored="0" name="Regression" tests="5" failures="0" timestamp="01 May 2019 12:51:21 GMT" time="0.294" errors="0">
  <testcase name="@BeforeClass invokeBrowser" time="0.0" classname="assignment5.EdurekaPortalTestNg">
    <failure type="org.testng.TestNGException" message="
Parameter &amp;apos;browserType&amp;apos; is required by BeforeClass on method invokeBrowser but has not been marked @Optional or defined
in C:\Users\Harish\git\EdurekaProject\EdurekaProject\testNgXmlFiles\EdurekaPortalTestNg\testng.xml">
      <![CDATA[org.testng.TestNGException: 
Parameter 'browserType' is required by BeforeClass on method invokeBrowser but has not been marked @Optional or defined
in C:\Users\Harish\git\EdurekaProject\EdurekaProject\testNgXmlFiles\EdurekaPortalTestNg\testng.xml
... Removed 23 stack frames]]>
    </failure>
  </testcase> <!-- @BeforeClass invokeBrowser -->
  <testcase name="@AfterClass closeBrowser" time="0.0" classname="assignment5.EdurekaPortalTestNg">
    <skipped/>
  </testcase> <!-- @AfterClass closeBrowser -->
  <testcase name="verifyTitleOfThePage" time="0.0" classname="assignment5.EdurekaPortalTestNg">
    <skipped/>
  </testcase> <!-- verifyTitleOfThePage -->
  <testcase name="verifyLoginToEdureka" time="0.0" classname="assignment5.EdurekaPortalTestNg">
    <skipped/>
  </testcase> <!-- verifyLoginToEdureka -->
  <testcase name="browseCourses" time="0.0" classname="assignment5.EdurekaPortalTestNg">
    <skipped/>
  </testcase> <!-- browseCourses -->
  <testcase name="logout" time="0.0" classname="assignment5.EdurekaPortalTestNg">
    <skipped/>
  </testcase> <!-- logout -->
  <testcase name="registerUser" time="0.0" classname="assignment5.EdurekaPortalTestNg">
    <skipped/>
  </testcase> <!-- registerUser -->
</testsuite> <!-- Regression -->
